<?xml version="1.0" encoding="UTF-8"?>
<!-- Generated by org.testng.reporters.JUnitReportReporter -->
<testsuite hostname="Poo" failures="0" tests="3" name="Pack.Day4" time="9.556" errors="0" timestamp="2022-09-30T17:33:15 IST" skipped="0">
  <testcase classname="Pack.Day4" name="loginTest" time="4.133"/>
  <system-out/>
  <testcase classname="Pack.Day4" name="loginTest" time="2.301"/>
  <system-out/>
  <testcase classname="Pack.Day4" name="loginTest" time="3.122"/>
  <system-out/>
</testsuite> <!-- Pack.Day4 -->
